2022-07-22 19:11:03,143 INFO  [restartedMain] com.tpebank.TpebankApplication:Starting TpebankApplication using Java 11.0.13 on DESKTOP-J0DVGRS with PID 16284 (C:\Users\MF\Desktop\WINTER\BankBackendProject\tpebank\target\classes started by MF in C:\Users\MF\Desktop\WINTER\BankBackendProject\tpebank)
2022-07-22 19:11:03,199 DEBUG [restartedMain] com.tpebank.TpebankApplication:Running with Spring Boot v2.6.9, Spring v5.3.21
2022-07-22 19:11:03,202 INFO  [restartedMain] com.tpebank.TpebankApplication:No active profile set, falling back to 1 default profile: "default"
2022-07-22 19:11:03,632 INFO  [restartedMain] org.springframework.boot.devtools.env.DevToolsPropertyDefaultsPostProcessor:Devtools property defaults active! Set 'spring.devtools.add-properties' to 'false' to disable
2022-07-22 19:11:03,635 INFO  [restartedMain] org.springframework.boot.devtools.env.DevToolsPropertyDefaultsPostProcessor:For additional web related logging consider setting the 'logging.level.web' property to 'DEBUG'
2022-07-22 19:11:07,689 INFO  [restartedMain] org.springframework.data.repository.config.RepositoryConfigurationDelegate:Bootstrapping Spring Data JPA repositories in DEFAULT mode.
2022-07-22 19:11:07,896 INFO  [restartedMain] org.springframework.data.repository.config.RepositoryConfigurationDelegate:Finished Spring Data repository scanning in 160 ms. Found 1 JPA repository interfaces.
2022-07-22 19:11:11,205 INFO  [restartedMain] org.springframework.boot.web.embedded.tomcat.TomcatWebServer:Tomcat initialized with port(s): 8080 (http)
2022-07-22 19:11:11,290 INFO  [restartedMain] org.apache.catalina.core.StandardService:Starting service [Tomcat]
2022-07-22 19:11:11,290 INFO  [restartedMain] org.apache.catalina.core.StandardEngine:Starting Servlet engine: [Apache Tomcat/9.0.64]
2022-07-22 19:11:11,631 INFO  [restartedMain] org.apache.catalina.core.ContainerBase.[Tomcat].[localhost].[/]:Initializing Spring embedded WebApplicationContext
2022-07-22 19:11:11,632 INFO  [restartedMain] org.springframework.boot.web.servlet.context.ServletWebServerApplicationContext:Root WebApplicationContext: initialization completed in 7994 ms
2022-07-22 19:11:12,799 INFO  [restartedMain] org.hibernate.jpa.internal.util.LogHelper:HHH000204: Processing PersistenceUnitInfo [name: default]
2022-07-22 19:11:12,942 INFO  [restartedMain] org.hibernate.Version:HHH000412: Hibernate ORM core version 5.6.9.Final
2022-07-22 19:11:13,590 INFO  [restartedMain] org.hibernate.annotations.common.Version:HCANN000001: Hibernate Commons Annotations {5.1.2.Final}
2022-07-22 19:11:13,966 INFO  [restartedMain] com.zaxxer.hikari.HikariDataSource:HikariPool-1 - Starting...
2022-07-22 19:11:14,373 INFO  [restartedMain] com.zaxxer.hikari.HikariDataSource:HikariPool-1 - Start completed.
2022-07-22 19:11:14,510 INFO  [restartedMain] org.hibernate.dialect.Dialect:HHH000400: Using dialect: org.hibernate.dialect.PostgreSQLDialect
2022-07-22 19:11:18,563 INFO  [restartedMain] org.hibernate.engine.transaction.jta.platform.internal.JtaPlatformInitiator:HHH000490: Using JtaPlatform implementation: [org.hibernate.engine.transaction.jta.platform.internal.NoJtaPlatform]
2022-07-22 19:11:18,583 INFO  [restartedMain] org.springframework.orm.jpa.LocalContainerEntityManagerFactoryBean:Initialized JPA EntityManagerFactory for persistence unit 'default'
2022-07-22 19:11:19,307 WARN  [restartedMain] org.springframework.boot.autoconfigure.orm.jpa.JpaBaseConfiguration$JpaWebConfiguration:spring.jpa.open-in-view is enabled by default. Therefore, database queries may be performed during view rendering. Explicitly configure spring.jpa.open-in-view to disable this warning
2022-07-22 19:11:20,297 INFO  [restartedMain] org.springframework.boot.devtools.autoconfigure.OptionalLiveReloadServer:LiveReload server is running on port 35729
2022-07-22 19:11:20,362 INFO  [restartedMain] org.springframework.boot.actuate.endpoint.web.EndpointLinksResolver:Exposing 1 endpoint(s) beneath base path '/actuator'
2022-07-22 19:11:20,659 INFO  [restartedMain] org.springframework.boot.web.embedded.tomcat.TomcatWebServer:Tomcat started on port(s): 8080 (http) with context path ''
2022-07-22 19:11:20,742 INFO  [restartedMain] com.tpebank.TpebankApplication:Started TpebankApplication in 18.845 seconds (JVM running for 26.758)
2022-07-22 19:11:21,803 INFO  [RMI TCP Connection(9)-192.168.43.28] org.apache.catalina.core.ContainerBase.[Tomcat].[localhost].[/]:Initializing Spring DispatcherServlet 'dispatcherServlet'
2022-07-22 19:11:21,804 INFO  [RMI TCP Connection(9)-192.168.43.28] org.springframework.web.servlet.DispatcherServlet:Initializing Servlet 'dispatcherServlet'
2022-07-22 19:11:21,809 INFO  [RMI TCP Connection(9)-192.168.43.28] org.springframework.web.servlet.DispatcherServlet:Completed initialization in 4 ms
2022-07-22 19:12:43,936 WARN  [http-nio-8080-exec-4] org.springframework.web.servlet.mvc.method.annotation.ExceptionHandlerExceptionResolver:Resolved [org.springframework.web.method.annotation.MethodArgumentTypeMismatchException: Failed to convert value of type 'java.lang.String' to required type 'java.lang.Long'; nested exception is java.lang.NumberFormatException: For input string: "visitor"]
2022-07-22 19:12:57,817 WARN  [http-nio-8080-exec-6] org.springframework.web.servlet.mvc.method.annotation.ExceptionHandlerExceptionResolver:Resolved [org.springframework.web.method.annotation.MethodArgumentTypeMismatchException: Failed to convert value of type 'java.lang.String' to required type 'java.lang.Long'; nested exception is java.lang.NumberFormatException: For input string: "visitor"]
2022-07-22 19:13:04,045 WARN  [http-nio-8080-exec-7] org.springframework.web.servlet.mvc.method.annotation.ExceptionHandlerExceptionResolver:Resolved [org.springframework.web.method.annotation.MethodArgumentTypeMismatchException: Failed to convert value of type 'java.lang.String' to required type 'java.lang.Long'; nested exception is java.lang.NumberFormatException: For input string: "visitor"]
2022-07-22 19:13:52,888 WARN  [http-nio-8080-exec-2] org.springframework.web.servlet.mvc.method.annotation.ExceptionHandlerExceptionResolver:Resolved [com.tpebank.exception.ResourceNotFoundException: Contact message with id 1 not found]
2022-07-22 19:14:07,947 WARN  [http-nio-8080-exec-4] org.springframework.web.servlet.mvc.method.annotation.ExceptionHandlerExceptionResolver:Resolved [com.tpebank.exception.ResourceNotFoundException: Contact message with id 1 not found]
2022-07-22 19:17:05,975 WARN  [http-nio-8080-exec-9] org.springframework.web.servlet.mvc.method.annotation.ExceptionHandlerExceptionResolver:Resolved [org.springframework.web.method.annotation.MethodArgumentTypeMismatchException: Failed to convert value of type 'java.lang.String' to required type 'java.lang.Long'; nested exception is java.lang.NumberFormatException: For input string: "visitor"]
2022-07-22 19:17:59,004 WARN  [http-nio-8080-exec-3] org.springframework.web.servlet.PageNotFound:Request method 'POST' not supported
2022-07-22 19:17:59,009 WARN  [http-nio-8080-exec-3] org.springframework.web.servlet.mvc.method.annotation.ExceptionHandlerExceptionResolver:Resolved [org.springframework.web.HttpRequestMethodNotSupportedException: Request method 'POST' not supported]
2022-07-22 19:18:05,347 WARN  [http-nio-8080-exec-4] org.springframework.web.servlet.PageNotFound:Request method 'POST' not supported
2022-07-22 19:18:05,350 WARN  [http-nio-8080-exec-4] org.springframework.web.servlet.mvc.method.annotation.ExceptionHandlerExceptionResolver:Resolved [org.springframework.web.HttpRequestMethodNotSupportedException: Request method 'POST' not supported]
2022-07-22 19:46:49,136 INFO  [SpringApplicationShutdownHook] org.springframework.orm.jpa.LocalContainerEntityManagerFactoryBean:Closing JPA EntityManagerFactory for persistence unit 'default'
2022-07-22 19:46:49,144 INFO  [SpringApplicationShutdownHook] com.zaxxer.hikari.HikariDataSource:HikariPool-1 - Shutdown initiated...
2022-07-22 19:46:49,211 INFO  [SpringApplicationShutdownHook] com.zaxxer.hikari.HikariDataSource:HikariPool-1 - Shutdown completed.
2022-07-22 19:47:05,047 INFO  [restartedMain] com.tpebank.TpebankApplication:Starting TpebankApplication using Java 11.0.13 on DESKTOP-J0DVGRS with PID 1200 (C:\Users\MF\Desktop\WINTER\BankBackendProject\tpebank\target\classes started by MF in C:\Users\MF\Desktop\WINTER\BankBackendProject\tpebank)
2022-07-22 19:47:05,049 DEBUG [restartedMain] com.tpebank.TpebankApplication:Running with Spring Boot v2.6.9, Spring v5.3.21
2022-07-22 19:47:05,050 INFO  [restartedMain] com.tpebank.TpebankApplication:No active profile set, falling back to 1 default profile: "default"
2022-07-22 19:47:05,136 INFO  [restartedMain] org.springframework.boot.devtools.env.DevToolsPropertyDefaultsPostProcessor:Devtools property defaults active! Set 'spring.devtools.add-properties' to 'false' to disable
2022-07-22 19:47:05,137 INFO  [restartedMain] org.springframework.boot.devtools.env.DevToolsPropertyDefaultsPostProcessor:For additional web related logging consider setting the 'logging.level.web' property to 'DEBUG'
2022-07-22 19:47:07,106 INFO  [restartedMain] org.springframework.data.repository.config.RepositoryConfigurationDelegate:Bootstrapping Spring Data JPA repositories in DEFAULT mode.
2022-07-22 19:47:07,211 INFO  [restartedMain] org.springframework.data.repository.config.RepositoryConfigurationDelegate:Finished Spring Data repository scanning in 90 ms. Found 3 JPA repository interfaces.
2022-07-22 19:47:08,143 INFO  [restartedMain] org.springframework.boot.web.embedded.tomcat.TomcatWebServer:Tomcat initialized with port(s): 8080 (http)
2022-07-22 19:47:08,154 INFO  [restartedMain] org.apache.catalina.core.StandardService:Starting service [Tomcat]
2022-07-22 19:47:08,155 INFO  [restartedMain] org.apache.catalina.core.StandardEngine:Starting Servlet engine: [Apache Tomcat/9.0.64]
2022-07-22 19:47:08,336 INFO  [restartedMain] org.apache.catalina.core.ContainerBase.[Tomcat].[localhost].[/]:Initializing Spring embedded WebApplicationContext
2022-07-22 19:47:08,336 INFO  [restartedMain] org.springframework.boot.web.servlet.context.ServletWebServerApplicationContext:Root WebApplicationContext: initialization completed in 3197 ms
2022-07-22 19:47:08,743 INFO  [restartedMain] org.hibernate.jpa.internal.util.LogHelper:HHH000204: Processing PersistenceUnitInfo [name: default]
2022-07-22 19:47:08,796 INFO  [restartedMain] org.hibernate.Version:HHH000412: Hibernate ORM core version 5.6.9.Final
2022-07-22 19:47:09,032 INFO  [restartedMain] org.hibernate.annotations.common.Version:HCANN000001: Hibernate Commons Annotations {5.1.2.Final}
2022-07-22 19:47:09,217 INFO  [restartedMain] com.zaxxer.hikari.HikariDataSource:HikariPool-1 - Starting...
2022-07-22 19:47:09,370 INFO  [restartedMain] com.zaxxer.hikari.HikariDataSource:HikariPool-1 - Start completed.
2022-07-22 19:47:09,388 INFO  [restartedMain] org.hibernate.dialect.Dialect:HHH000400: Using dialect: org.hibernate.dialect.PostgreSQLDialect
2022-07-22 19:47:10,625 INFO  [restartedMain] org.hibernate.engine.transaction.jta.platform.internal.JtaPlatformInitiator:HHH000490: Using JtaPlatform implementation: [org.hibernate.engine.transaction.jta.platform.internal.NoJtaPlatform]
2022-07-22 19:47:10,637 INFO  [restartedMain] org.springframework.orm.jpa.LocalContainerEntityManagerFactoryBean:Initialized JPA EntityManagerFactory for persistence unit 'default'
2022-07-22 19:47:11,124 WARN  [restartedMain] org.springframework.boot.autoconfigure.orm.jpa.JpaBaseConfiguration$JpaWebConfiguration:spring.jpa.open-in-view is enabled by default. Therefore, database queries may be performed during view rendering. Explicitly configure spring.jpa.open-in-view to disable this warning
2022-07-22 19:47:11,954 INFO  [restartedMain] org.springframework.boot.devtools.autoconfigure.OptionalLiveReloadServer:LiveReload server is running on port 35729
2022-07-22 19:47:11,962 INFO  [restartedMain] org.springframework.boot.actuate.endpoint.web.EndpointLinksResolver:Exposing 1 endpoint(s) beneath base path '/actuator'
2022-07-22 19:47:12,036 INFO  [restartedMain] org.springframework.boot.web.embedded.tomcat.TomcatWebServer:Tomcat started on port(s): 8080 (http) with context path ''
2022-07-22 19:47:12,066 INFO  [restartedMain] com.tpebank.TpebankApplication:Started TpebankApplication in 7.949 seconds (JVM running for 10.226)
2022-07-22 19:47:12,656 INFO  [RMI TCP Connection(3)-192.168.43.28] org.apache.catalina.core.ContainerBase.[Tomcat].[localhost].[/]:Initializing Spring DispatcherServlet 'dispatcherServlet'
2022-07-22 19:47:12,660 INFO  [RMI TCP Connection(3)-192.168.43.28] org.springframework.web.servlet.DispatcherServlet:Initializing Servlet 'dispatcherServlet'
2022-07-22 19:47:12,664 INFO  [RMI TCP Connection(3)-192.168.43.28] org.springframework.web.servlet.DispatcherServlet:Completed initialization in 3 ms
2022-07-22 19:49:45,757 INFO  [SpringApplicationShutdownHook] org.springframework.orm.jpa.LocalContainerEntityManagerFactoryBean:Closing JPA EntityManagerFactory for persistence unit 'default'
2022-07-22 19:49:45,786 INFO  [SpringApplicationShutdownHook] com.zaxxer.hikari.HikariDataSource:HikariPool-1 - Shutdown initiated...
2022-07-22 19:49:45,818 INFO  [SpringApplicationShutdownHook] com.zaxxer.hikari.HikariDataSource:HikariPool-1 - Shutdown completed.
2022-07-22 19:50:16,238 INFO  [restartedMain] com.tpebank.TpebankApplication:Starting TpebankApplication using Java 11.0.13 on DESKTOP-J0DVGRS with PID 7116 (C:\Users\MF\Desktop\WINTER\BankBackendProject\tpebank\target\classes started by MF in C:\Users\MF\Desktop\WINTER\BankBackendProject\tpebank)
2022-07-22 19:50:16,240 DEBUG [restartedMain] com.tpebank.TpebankApplication:Running with Spring Boot v2.6.9, Spring v5.3.21
2022-07-22 19:50:16,242 INFO  [restartedMain] com.tpebank.TpebankApplication:No active profile set, falling back to 1 default profile: "default"
2022-07-22 19:50:16,355 INFO  [restartedMain] org.springframework.boot.devtools.env.DevToolsPropertyDefaultsPostProcessor:Devtools property defaults active! Set 'spring.devtools.add-properties' to 'false' to disable
2022-07-22 19:50:16,355 INFO  [restartedMain] org.springframework.boot.devtools.env.DevToolsPropertyDefaultsPostProcessor:For additional web related logging consider setting the 'logging.level.web' property to 'DEBUG'
2022-07-22 19:50:20,094 INFO  [restartedMain] org.springframework.data.repository.config.RepositoryConfigurationDelegate:Bootstrapping Spring Data JPA repositories in DEFAULT mode.
2022-07-22 19:50:20,247 INFO  [restartedMain] org.springframework.data.repository.config.RepositoryConfigurationDelegate:Finished Spring Data repository scanning in 121 ms. Found 3 JPA repository interfaces.
2022-07-22 19:50:23,066 INFO  [restartedMain] org.springframework.boot.web.embedded.tomcat.TomcatWebServer:Tomcat initialized with port(s): 8080 (http)
2022-07-22 19:50:23,093 INFO  [restartedMain] org.apache.catalina.core.StandardService:Starting service [Tomcat]
2022-07-22 19:50:23,094 INFO  [restartedMain] org.apache.catalina.core.StandardEngine:Starting Servlet engine: [Apache Tomcat/9.0.64]
2022-07-22 19:50:23,236 INFO  [restartedMain] org.apache.catalina.core.ContainerBase.[Tomcat].[localhost].[/]:Initializing Spring embedded WebApplicationContext
2022-07-22 19:50:23,237 INFO  [restartedMain] org.springframework.boot.web.servlet.context.ServletWebServerApplicationContext:Root WebApplicationContext: initialization completed in 6881 ms
2022-07-22 19:50:23,705 INFO  [restartedMain] org.hibernate.jpa.internal.util.LogHelper:HHH000204: Processing PersistenceUnitInfo [name: default]
2022-07-22 19:50:23,779 INFO  [restartedMain] org.hibernate.Version:HHH000412: Hibernate ORM core version 5.6.9.Final
2022-07-22 19:50:23,961 INFO  [restartedMain] org.hibernate.annotations.common.Version:HCANN000001: Hibernate Commons Annotations {5.1.2.Final}
2022-07-22 19:50:24,109 INFO  [restartedMain] com.zaxxer.hikari.HikariDataSource:HikariPool-1 - Starting...
2022-07-22 19:50:24,812 INFO  [restartedMain] com.zaxxer.hikari.HikariDataSource:HikariPool-1 - Start completed.
2022-07-22 19:50:24,830 INFO  [restartedMain] org.hibernate.dialect.Dialect:HHH000400: Using dialect: org.hibernate.dialect.PostgreSQLDialect
2022-07-22 19:50:26,007 INFO  [restartedMain] org.hibernate.engine.transaction.jta.platform.internal.JtaPlatformInitiator:HHH000490: Using JtaPlatform implementation: [org.hibernate.engine.transaction.jta.platform.internal.NoJtaPlatform]
2022-07-22 19:50:26,018 INFO  [restartedMain] org.springframework.orm.jpa.LocalContainerEntityManagerFactoryBean:Initialized JPA EntityManagerFactory for persistence unit 'default'
2022-07-22 19:50:26,523 WARN  [restartedMain] org.springframework.boot.autoconfigure.orm.jpa.JpaBaseConfiguration$JpaWebConfiguration:spring.jpa.open-in-view is enabled by default. Therefore, database queries may be performed during view rendering. Explicitly configure spring.jpa.open-in-view to disable this warning
2022-07-22 19:50:27,271 WARN  [restartedMain] org.springframework.boot.autoconfigure.security.servlet.UserDetailsServiceAutoConfiguration:

Using generated security password: 81c4abf7-e9c8-46de-9972-d2c36ca849fb

This generated password is for development use only. Your security configuration must be updated before running your application in production.

2022-07-22 19:50:27,736 INFO  [restartedMain] org.springframework.boot.actuate.endpoint.web.EndpointLinksResolver:Exposing 1 endpoint(s) beneath base path '/actuator'
2022-07-22 19:50:27,765 INFO  [restartedMain] org.springframework.security.web.DefaultSecurityFilterChain:Will secure any request with [org.springframework.security.web.context.request.async.WebAsyncManagerIntegrationFilter@c9a50db, org.springframework.security.web.context.SecurityContextPersistenceFilter@23750f17, org.springframework.security.web.header.HeaderWriterFilter@124790a1, org.springframework.web.filter.CorsFilter@16ebba6b, org.springframework.security.web.csrf.CsrfFilter@16e6818, org.springframework.security.web.authentication.logout.LogoutFilter@1ad2a50, org.springframework.security.web.authentication.UsernamePasswordAuthenticationFilter@1044c1b8, org.springframework.security.web.authentication.ui.DefaultLoginPageGeneratingFilter@20cbb0eb, org.springframework.security.web.authentication.ui.DefaultLogoutPageGeneratingFilter@2a2fecf5, org.springframework.security.web.authentication.www.BasicAuthenticationFilter@66db546f, org.springframework.security.web.savedrequest.RequestCacheAwareFilter@24b2203a, org.springframework.security.web.servletapi.SecurityContextHolderAwareRequestFilter@63c8a51d, org.springframework.security.web.authentication.AnonymousAuthenticationFilter@6fdb9a02, org.springframework.security.web.session.SessionManagementFilter@1d9badaf, org.springframework.security.web.access.ExceptionTranslationFilter@4d2c5a30, org.springframework.security.web.access.intercept.FilterSecurityInterceptor@a4b517a]
2022-07-22 19:50:28,036 INFO  [restartedMain] org.springframework.boot.devtools.autoconfigure.OptionalLiveReloadServer:LiveReload server is running on port 35729
2022-07-22 19:50:28,155 INFO  [restartedMain] org.springframework.boot.web.embedded.tomcat.TomcatWebServer:Tomcat started on port(s): 8080 (http) with context path ''
2022-07-22 19:50:28,185 INFO  [restartedMain] com.tpebank.TpebankApplication:Started TpebankApplication in 13.28 seconds (JVM running for 16.284)
2022-07-22 19:50:28,745 INFO  [RMI TCP Connection(1)-192.168.43.28] org.apache.catalina.core.ContainerBase.[Tomcat].[localhost].[/]:Initializing Spring DispatcherServlet 'dispatcherServlet'
2022-07-22 19:50:28,747 INFO  [RMI TCP Connection(1)-192.168.43.28] org.springframework.web.servlet.DispatcherServlet:Initializing Servlet 'dispatcherServlet'
2022-07-22 19:50:28,780 INFO  [RMI TCP Connection(1)-192.168.43.28] org.springframework.web.servlet.DispatcherServlet:Completed initialization in 33 ms
2022-07-22 19:51:18,464 WARN  [http-nio-8080-exec-1] org.apache.catalina.util.SessionIdGeneratorBase:Creation of SecureRandom instance for session ID generation using [SHA1PRNG] took [346] milliseconds.
2022-07-22 19:54:11,865 INFO  [SpringApplicationShutdownHook] org.springframework.orm.jpa.LocalContainerEntityManagerFactoryBean:Closing JPA EntityManagerFactory for persistence unit 'default'
2022-07-22 19:54:11,898 INFO  [SpringApplicationShutdownHook] com.zaxxer.hikari.HikariDataSource:HikariPool-1 - Shutdown initiated...
2022-07-22 19:54:12,033 INFO  [SpringApplicationShutdownHook] com.zaxxer.hikari.HikariDataSource:HikariPool-1 - Shutdown completed.
